<?xml version="1.0" encoding="UTF-8"?>
<testng-results ignored="0" total="1" passed="1" failed="0" skipped="0">
  <reporter-output>
    <line>
      <![CDATA[create customer]]>
    </line>
  </reporter-output>
  <suite started-at="2023-01-06T12:18:05 IST" name="Default suite" finished-at="2023-01-06T12:18:32 IST" duration-ms="27218">
    <groups>
    </groups>
    <test started-at="2023-01-06T12:18:05 IST" name="Default test" finished-at="2023-01-06T12:18:32 IST" duration-ms="27218">
      <class name="com.actitime.testscripts.TestScript">
        <test-method is-config="true" signature="openBrowser()[pri:0, instance:com.actitime.testscripts.TestScript@35ef1869]" started-at="2023-01-06T12:18:05 IST" name="openBrowser" finished-at="2023-01-06T12:18:06 IST" duration-ms="1801" status="PASS">
          <reporter-output>
          </reporter-output>
        </test-method> <!-- openBrowser -->
        <test-method is-config="true" signature="loginPage()[pri:0, instance:com.actitime.testscripts.TestScript@35ef1869]" started-at="2023-01-06T12:18:06 IST" name="loginPage" finished-at="2023-01-06T12:18:17 IST" duration-ms="10454" status="PASS">
          <reporter-output>
          </reporter-output>
        </test-method> <!-- loginPage -->
        <test-method signature="testCreatCustomer()[pri:0, instance:com.actitime.testscripts.TestScript@35ef1869]" started-at="2023-01-06T12:18:17 IST" name="testCreatCustomer" finished-at="2023-01-06T12:18:32 IST" duration-ms="14754" status="PASS">
          <reporter-output>
            <line>
              <![CDATA[create customer]]>
            </line>
          </reporter-output>
        </test-method> <!-- testCreatCustomer -->
        <test-method is-config="true" signature="logoutPage()[pri:0, instance:com.actitime.testscripts.TestScript@35ef1869]" started-at="2023-01-06T12:18:32 IST" name="logoutPage" finished-at="2023-01-06T12:18:32 IST" duration-ms="0" status="PASS">
          <reporter-output>
          </reporter-output>
        </test-method> <!-- logoutPage -->
        <test-method is-config="true" signature="closeBrowser()[pri:0, instance:com.actitime.testscripts.TestScript@35ef1869]" started-at="2023-01-06T12:18:32 IST" name="closeBrowser" finished-at="2023-01-06T12:18:32 IST" duration-ms="146" status="PASS">
          <reporter-output>
          </reporter-output>
        </test-method> <!-- closeBrowser -->
      </class> <!-- com.actitime.testscripts.TestScript -->
    </test> <!-- Default test -->
  </suite> <!-- Default suite -->
</testng-results>
